Mono path[0] = '/Users/yuanshaochen/My project/Builds/M86/TacticalPrototypeM86.app/Contents/Resources/Data/Managed'
Mono config path = '/Users/yuanshaochen/My project/Builds/M86/TacticalPrototypeM86.app/Contents/MonoBleedingEdge/etc'
CodeReloadManager initialized
Found 3 interfaces on host : 0) [redacted-ip] 1) [redacted-ip] 2) [redacted-ip]
Player connection [8527568512]  Target information:

Player connection [8527568512]  * "[IP] [redacted-ip] [Port] 55000 [Flags] 2 [Guid] 2466062656 [EditorId] 494143603 [Version] 1048832 [Id] OSXPlayer(1,yuanshaochendeMacBook-Pro.local) [Debug] 0 [PackageName] OSXPlayer [ProjectName] My project"

Player connection [8527568512]  * "[IP] [redacted-ip] [Port] 55000 [Flags] 2 [Guid] 2466062656 [EditorId] 494143603 [Version] 1048832 [Id] OSXPlayer(1,yuanshaochendeMacBook-Pro.local) [Debug] 0 [PackageName] OSXPlayer [ProjectName] My project"

Player connection [8527568512]  * "[IP] [redacted-ip] [Port] 55000 [Flags] 2 [Guid] 2466062656 [EditorId] 494143603 [Version] 1048832 [Id] OSXPlayer(1,yuanshaochendeMacBook-Pro.local) [Debug] 0 [PackageName] OSXPlayer [ProjectName] My project"

Player connection [8527568512] Started UDP target info broadcast (1) on [[redacted-ip]:54997].

Input System module state changed to: Initialized.
[Physics::Module] Initialized fallback backend.
[Physics::Module] Id: 0xdecafbad
Initialize engine version: 6000.4.7f1 (f3c3c4248748)
[Subsystems] Discovering subsystems at path /Users/yuanshaochen/My project/Builds/M86/TacticalPrototypeM86.app/Contents/Resources/Data/UnitySubsystems
GfxDevice: creating device client; kGfxThreadingModeThreaded
 preferred device: Apple M2 Max (high power)
Metal devices available: 1
0: Apple M2 Max (high power)
Using device Apple M2 Max (high power)
Initializing Metal device caps: Apple M2 Max
Mac GPU Family: 2
Apple GPU Family: 8
MSL Version: 3.0
Has Float MSAA: 1
Has Float Filtering: 1
ReadWrite Texture Tier: 2
Begin MonoManager ReloadAssembly
Symbol file LoadedFromMemory is not a mono symbol file
- Finished resetting the current domain, in  0.002 seconds
[Physics::Module] Selected backend.
[Physics::Module] Name: PhysX
[Physics::Module] Id: 0xf2b8ea05
[Physics::Module] SDK Version: 4.1.2
[Physics::Module] Integration Version: 1.0.0
[Physics::Module] Threading Mode: Multi-Threaded
UnloadTime: 0.531625 ms
