Mono path[0] = '/Users/yuanshaochen/My project/Builds/M86/TacticalPrototypeM86.app/Contents/Resources/Data/Managed'
Mono config path = '/Users/yuanshaochen/My project/Builds/M86/TacticalPrototypeM86.app/Contents/MonoBleedingEdge/etc'
CodeReloadManager initialized
Found 3 interfaces on host : 0) [redacted-ip] 1) [redacted-ip] 2) [redacted-ip]
Player connection [8527568512]  Target information:

Player connection [8527568512]  * "[IP] [redacted-ip] [Port] 55000 [Flags] 2 [Guid] 3446946103 [EditorId] 494143603 [Version] 1048832 [Id] OSXPlayer(1,yuanshaochendeMacBook-Pro.local) [Debug] 0 [PackageName] OSXPlayer [ProjectName] My project"

Player connection [8527568512]  * "[IP] [redacted-ip] [Port] 55000 [Flags] 2 [Guid] 3446946103 [EditorId] 494143603 [Version] 1048832 [Id] OSXPlayer(1,yuanshaochendeMacBook-Pro.local) [Debug] 0 [PackageName] OSXPlayer [ProjectName] My project"

Player connection [8527568512]  * "[IP] [redacted-ip] [Port] 55000 [Flags] 2 [Guid] 3446946103 [EditorId] 494143603 [Version] 1048832 [Id] OSXPlayer(1,yuanshaochendeMacBook-Pro.local) [Debug] 0 [PackageName] OSXPlayer [ProjectName] My project"

Player connection [8527568512] Started UDP target info broadcast (1) on [[redacted-ip]:54997].

Input System module state changed to: Initialized.
[Physics::Module] Initialized fallback backend.
[Physics::Module] Id: 0xdecafbad
Initialize engine version: 6000.4.7f1 (f3c3c4248748)
[Subsystems] Discovering subsystems at path /Users/yuanshaochen/My project/Builds/M86/TacticalPrototypeM86.app/Contents/Resources/Data/UnitySubsystems
Forcing GfxDevice: Null
GfxDevice: creating device client; kGfxThreadingModeNonThreaded
NullGfxDevice:
    Version:  NULL 1.0 [1.0]
    Renderer: Null Device
    Vendor:   Unity Technologies
Begin MonoManager ReloadAssembly
Symbol file LoadedFromMemory is not a mono symbol file
- Finished resetting the current domain, in  0.001 seconds
[Physics::Module] Selected backend.
[Physics::Module] Name: PhysX
[Physics::Module] Id: 0xf2b8ea05
[Physics::Module] SDK Version: 4.1.2
[Physics::Module] Integration Version: 1.0.0
[Physics::Module] Threading Mode: Multi-Threaded
UnloadTime: 0.515291 ms
Thread 0x16d2e3000 may have been prematurely finalized
[Physics::Module] Cleanup current backend.
[Physics::Module] Id: 0xf2b8ea05
Input System module state changed to: ShutdownInProgress.
Input Polling Thread exited.
Input System module state changed to: Shutdown.
Thread 0x16bee7000 may have been prematurely finalized
Thread 0x16bfff000 may have been prematurely finalized
Thread 0x16bf73000 may have been prematurely finalized
Thread 0x16c117000 may have been prematurely finalized
Thread 0x16c08b000 may have been prematurely finalized
CodeReloadManager destroyed
PlayerConnection::Cleanup##utp:{"type":"MemoryLeaks","version":2,"phase":"Immediate","time":1779099344108,"processId":32566,"allocatedMemory":2402272,"memoryLabels":[{"Default":54805},{"Permanent":1528},{"Thread":38456},{"Manager":19655},{"VertexData":8},{"Geometry":408},{"Texture":16},{"Shader":80457},{"Material":24},{"GfxDevice":37992},{"Animation":328},{"Audio":3040},{"FreeType":8},{"FontEngine":736},{"Physics":2120},{"Physics2D":16},{"Serialization":248},{"Input":10064},{"JobScheduler":33216},{"TextLib":216},{"Mono":32},{"ScriptingNativeRuntime":128},{"BaseObject":1609216},{"Resource":512},{"Renderer":3528},{"Transform":6485},{"File":816},{"WebCam":32},{"Culling":32},{"Terrain":11250},{"Wind":24},{"String":3056},{"Utility":312512},{"PoolAlloc":2184},{"AI":40},{"TypeTree":5064},{"RuntimeInitializeOnLoadManager":64},{"SpriteAtlas":120},{"GI":7176},{"Director":8232},{"CloudService":144},{"WebRequest":776},{"VR":47498},{"SceneManager":360},{"Video":2080},{"LazyScriptCache":32},{"NativeArray":648},{"Camera":9},{"Secure":1},{"SerializationCache":1576},{"APIUpdating":10320},{"Subsystems":336},{"VirtualTexturing":57496},{"Analytics":80},{"Hierarchy":992},{"CoreStats":13032},{"Identifiers":12960},{"Gui":40},{"CoreBusinessMetrics":120},{"AssetReference":32}]}
